0 info it worked if it ends with ok
1 verbose cli [ '/usr/bin/nodejs', '/usr/bin/npm', 'install', 'express' ]
2 info using npm@1.3.10
3 info using node@v0.10.25
4 warn package.json express_app@1.0.0 No description
5 warn package.json express_app@1.0.0 No repository field.
6 warn package.json express_app@1.0.0 No README data
7 verbose readDependencies using package.json deps
8 verbose cache add [ 'express@^4.13.4', null ]
9 verbose cache add name=undefined spec="express@^4.13.4" args=["express@^4.13.4",null]
10 verbose parsed url { protocol: null,
10 verbose parsed url   slashes: null,
10 verbose parsed url   auth: null,
10 verbose parsed url   host: null,
10 verbose parsed url   port: null,
10 verbose parsed url   hostname: null,
10 verbose parsed url   hash: null,
10 verbose parsed url   search: null,
10 verbose parsed url   query: null,
10 verbose parsed url   pathname: 'express@^4.13.4',
10 verbose parsed url   path: 'express@^4.13.4',
10 verbose parsed url   href: 'express@^4.13.4' }
11 verbose cache add name="express" spec="^4.13.4" args=["express","^4.13.4"]
12 verbose parsed url { protocol: null,
12 verbose parsed url   slashes: null,
12 verbose parsed url   auth: null,
12 verbose parsed url   host: null,
12 verbose parsed url   port: null,
12 verbose parsed url   hostname: null,
12 verbose parsed url   hash: null,
12 verbose parsed url   search: null,
12 verbose parsed url   query: null,
12 verbose parsed url   pathname: '^4.13.4',
12 verbose parsed url   path: '^4.13.4',
12 verbose parsed url   href: '^4.13.4' }
13 verbose addNamed [ 'express', '^4.13.4' ]
14 verbose addNamed [ null, '>=4.13.4-0 <5.0.0-0' ]
15 silly lockFile 4f9cf712-express-4-13-4 express@^4.13.4
16 verbose lock express@^4.13.4 /home/vagrant/.npm/4f9cf712-express-4-13-4.lock
17 silly addNameRange { name: 'express', range: '>=4.13.4-0 <5.0.0-0', hasData: false }
18 verbose url raw express
19 verbose url resolving [ 'https://registry.npmjs.org/', './express' ]
20 verbose url resolved https://registry.npmjs.org/express
21 info trying registry request attempt 1 at 07:02:15
22 http GET https://registry.npmjs.org/express
23 http 200 https://registry.npmjs.org/express
24 silly registry.get cb [ 200,
24 silly registry.get   { server: 'CouchDB/1.5.0 (Erlang OTP/R16B03)',
24 silly registry.get     etag: '"5LHJ3UGODQQTQ63HSOFTQ839R"',
24 silly registry.get     'content-type': 'application/json',
24 silly registry.get     'cache-control': 'max-age=300',
24 silly registry.get     'content-length': '536378',
24 silly registry.get     'accept-ranges': 'bytes',
24 silly registry.get     date: 'Fri, 22 Apr 2016 07:02:15 GMT',
24 silly registry.get     via: '1.1 varnish',
24 silly registry.get     age: '0',
24 silly registry.get     connection: 'keep-alive',
24 silly registry.get     'x-served-by': 'cache-atl6238-ATL',
24 silly registry.get     'x-cache': 'HIT',
24 silly registry.get     'x-cache-hits': '1',
24 silly registry.get     'x-timer': 'S1461308535.710339,VS0,VE33',
24 silly registry.get     vary: 'Accept-Encoding' } ]
25 silly addNameRange number 2 { name: 'express', range: '>=4.13.4-0 <5.0.0-0', hasData: true }
26 silly addNameRange versions [ 'express',
26 silly addNameRange   [ '0.14.0',
26 silly addNameRange     '0.14.1',
26 silly addNameRange     '1.0.0',
26 silly addNameRange     '1.0.1',
26 silly addNameRange     '1.0.2',
26 silly addNameRange     '1.0.3',
26 silly addNameRange     '1.0.4',
26 silly addNameRange     '1.0.5',
26 silly addNameRange     '1.0.6',
26 silly addNameRange     '1.0.7',
26 silly addNameRange     '1.0.8',
26 silly addNameRange     '2.0.0',
26 silly addNameRange     '2.1.0',
26 silly addNameRange     '2.1.1',
26 silly addNameRange     '2.2.0',
26 silly addNameRange     '2.2.1',
26 silly addNameRange     '2.2.2',
26 silly addNameRange     '2.3.0',
26 silly addNameRange     '2.3.1',
26 silly addNameRange     '2.3.2',
26 silly addNameRange     '2.3.3',
26 silly addNameRange     '2.3.4',
26 silly addNameRange     '2.3.5',
26 silly addNameRange     '2.3.6',
26 silly addNameRange     '2.3.7',
26 silly addNameRange     '2.3.8',
26 silly addNameRange     '2.3.9',
26 silly addNameRange     '2.3.10',
26 silly addNameRange     '2.3.11',
26 silly addNameRange     '2.3.12',
26 silly addNameRange     '2.4.0',
26 silly addNameRange     '2.4.1',
26 silly addNameRange     '2.4.2',
26 silly addNameRange     '2.4.3',
26 silly addNameRange     '2.4.4',
26 silly addNameRange     '2.4.5',
26 silly addNameRange     '2.4.6',
26 silly addNameRange     '2.4.7',
26 silly addNameRange     '2.5.0',
26 silly addNameRange     '2.5.1',
26 silly addNameRange     '2.5.2',
26 silly addNameRange     '2.5.3',
26 silly addNameRange     '2.5.4',
26 silly addNameRange     '2.5.5',
26 silly addNameRange     '2.5.6',
26 silly addNameRange     '2.5.7',
26 silly addNameRange     '2.5.8',
26 silly addNameRange     '2.5.9',
26 silly addNameRange     '2.5.10',
26 silly addNameRange     '2.5.11',
26 silly addNameRange     '3.0.0',
26 silly addNameRange     '3.0.1',
26 silly addNameRange     '3.0.2',
26 silly addNameRange     '3.0.3',
26 silly addNameRange     '3.0.4',
26 silly addNameRange     '3.0.5',
26 silly addNameRange     '3.0.6',
26 silly addNameRange     '3.1.0',
26 silly addNameRange     '3.1.1',
26 silly addNameRange     '3.1.2',
26 silly addNameRange     '3.2.0',
26 silly addNameRange     '3.2.1',
26 silly addNameRange     '3.2.2',
26 silly addNameRange     '3.2.3',
26 silly addNameRange     '3.2.4',
26 silly addNameRange     '3.2.5',
26 silly addNameRange     '3.2.6',
26 silly addNameRange     '3.3.0',
26 silly addNameRange     '3.3.1',
26 silly addNameRange     '3.3.2',
26 silly addNameRange     '3.3.3',
26 silly addNameRange     '3.3.4',
26 silly addNameRange     '3.3.5',
26 silly addNameRange     '3.3.6',
26 silly addNameRange     '1.0.0-beta',
26 silly addNameRange     '1.0.0-beta2',
26 silly addNameRange     '1.0.0-rc',
26 silly addNameRange     '1.0.0-rc2',
26 silly addNameRange     '1.0.0-rc3',
26 silly addNameRange     '1.0.0-rc4',
26 silly addNameRange     '2.0.0-beta',
26 silly addNameRange     '2.0.0-beta2',
26 silly addNameRange     '2.0.0-beta3',
26 silly addNameRange     '2.0.0-rc',
26 silly addNameRange     '2.0.0-rc2',
26 silly addNameRange     '2.0.0-rc3',
26 silly addNameRange     '3.0.0-alpha1',
26 silly addNameRange     '3.0.0-alpha2',
26 silly addNameRange     '3.0.0-alpha3',
26 silly addNameRange     '3.0.0-alpha4',
26 silly addNameRange     '3.0.0-alpha5',
26 silly addNameRange     '3.0.0-beta1',
26 silly addNameRange     '3.0.0-beta2',
26 silly addNameRange     '3.0.0-beta3',
26 silly addNameRange     '3.0.0-beta4',
26 silly addNameRange     '3.0.0-beta6',
26 silly addNameRange     '3.0.0-beta7',
26 silly addNameRange     '3.0.0-rc1',
26 silly addNameRange     '3.0.0-rc2',
26 silly addNameRange     '3.0.0-rc3',
26 silly addNameRange     '3.0.0-rc4',
26 silly addNameRange     '3.0.0-rc5',
26 silly addNameRange     '3.3.7',
26 silly addNameRange     '3.3.8',
26 silly addNameRange     '3.4.0',
26 silly addNameRange     '3.4.1',
26 silly addNameRange     '3.4.2',
26 silly addNameRange     '3.4.3',
26 silly addNameRange     '3.4.4',
26 silly addNameRange     '3.4.5',
26 silly addNameRange     '3.4.6',
26 silly addNameRange     '3.4.7',
26 silly addNameRange     '3.4.8',
26 silly addNameRange     '4.0.0-rc1',
26 silly addNameRange     '4.0.0-rc2',
26 silly addNameRange     '3.5.0',
26 silly addNameRange     '4.0.0-rc3',
26 silly addNameRange     '4.0.0-rc4',
26 silly addNameRange     '3.5.1',
26 silly addNameRange     '4.0.0',
26 silly addNameRange     '3.5.2',
26 silly addNameRange     '4.1.0',
26 silly addNameRange     '4.1.1',
26 silly addNameRange     '3.5.3',
26 silly addNameRange     '4.1.2',
26 silly addNameRange     '3.6.0',
26 silly addNameRange     '4.2.0',
26 silly addNameRange     '3.7.0',
26 silly addNameRange     '3.8.0',
26 silly addNameRange     '4.3.0',
26 silly addNameRange     '4.3.1',
26 silly addNameRange     '3.8.1',
26 silly addNameRange     '4.3.2',
26 silly addNameRange     '3.9.0',
26 silly addNameRange     '4.4.0',
26 silly addNameRange     '4.4.1',
26 silly addNameRange     '3.10.0',
26 silly addNameRange     '3.10.1',
26 silly addNameRange     '3.10.2',
26 silly addNameRange     '3.10.3',
26 silly addNameRange     '3.10.4',
26 silly addNameRange     '4.4.2',
26 silly addNameRange     '3.10.5',
26 silly addNameRange     '4.4.3',
26 silly addNameRange     '3.11.0',
26 silly addNameRange     '4.4.4',
26 silly addNameRange     '3.12.0',
26 silly addNameRange     '3.12.1',
26 silly addNameRange     '4.4.5',
26 silly addNameRange     '3.13.0',
26 silly addNameRange     '4.5.0',
26 silly addNameRange     '4.5.1',
26 silly addNameRange     '3.14.0',
26 silly addNameRange     '4.6.0',
26 silly addNameRange     '4.6.1',
26 silly addNameRange     '3.15.0',
26 silly addNameRange     '4.7.0',
26 silly addNameRange     '3.15.1',
26 silly addNameRange     '4.7.1',
26 silly addNameRange     '3.15.2',
26 silly addNameRange     '4.7.2',
26 silly addNameRange     '4.7.3',
26 silly addNameRange     '3.15.3',
26 silly addNameRange     '4.7.4',
26 silly addNameRange     '3.16.0',
26 silly addNameRange     '4.8.0',
26 silly addNameRange     '3.16.1',
26 silly addNameRange     '4.8.1',
26 silly addNameRange     '3.16.2',
26 silly addNameRange     '4.8.2',
26 silly addNameRange     '3.16.3',
26 silly addNameRange     '3.16.4',
26 silly addNameRange     '4.8.3',
26 silly addNameRange     '3.16.5',
26 silly addNameRange     '3.16.6',
26 silly addNameRange     '4.8.4',
26 silly addNameRange     '3.16.7',
26 silly addNameRange     '4.8.5',
26 silly addNameRange     '3.16.8',
26 silly addNameRange     '4.8.6',
26 silly addNameRange     '3.16.9',
26 silly addNameRange     '4.8.7',
26 silly addNameRange     '3.16.10',
26 silly addNameRange     '4.8.8',
26 silly addNameRange     '3.17.0',
26 silly addNameRange     '3.17.1',
26 silly addNameRange     '4.9.0',
26 silly addNameRange     '3.17.2',
26 silly addNameRange     '4.9.1',
26 silly addNameRange     '4.9.2',
26 silly addNameRange     '3.17.3',
26 silly addNameRange     '4.9.3',
26 silly addNameRange     '3.17.4',
26 silly addNameRange     '4.9.4',
26 silly addNameRange     '3.17.5',
26 silly addNameRange     '4.9.5',
26 silly addNameRange     '3.17.6',
26 silly addNameRange     '3.17.7',
26 silly addNameRange     '4.9.6',
26 silly addNameRange     '4.9.7',
26 silly addNameRange     '3.17.8',
26 silly addNameRange     '4.9.8',
26 silly addNameRange     '3.18.0',
26 silly addNameRange     '3.18.1',
26 silly addNameRange     '4.10.0',
26 silly addNameRange     '3.18.2',
26 silly addNameRange     '4.10.1',
26 silly addNameRange     '5.0.0-alpha.1',
26 silly addNameRange     '3.18.3',
26 silly addNameRange     '4.10.2',
26 silly addNameRange     '3.18.4',
26 silly addNameRange     '4.10.3',
26 silly addNameRange     '4.10.4',
26 silly addNameRange     '4.10.5',
26 silly addNameRange     '3.18.5',
26 silly addNameRange     '3.18.6',
26 silly addNameRange     '4.10.6',
26 silly addNameRange     '4.10.7',
26 silly addNameRange     '3.19.0',
26 silly addNameRange     '4.10.8',
26 silly addNameRange     '4.11.0',
26 silly addNameRange     '3.19.1',
26 silly addNameRange     '4.11.1',
26 silly addNameRange     '3.19.2',
26 silly addNameRange     '4.11.2',
26 silly addNameRange     '3.20.0',
26 silly addNameRange     '4.12.0',
26 silly addNameRange     '3.20.1',
26 silly addNameRange     '4.12.1',
26 silly addNameRange     '4.12.2',
26 silly addNameRange     '3.20.2',
26 silly addNameRange     '4.12.3',
26 silly addNameRange     '3.20.3',
26 silly addNameRange     '4.12.4',
26 silly addNameRange     '3.21.0',
26 silly addNameRange     '4.13.0',
26 silly addNameRange     '3.21.1',
26 silly addNameRange     '4.13.1',
26 silly addNameRange     '5.0.0-alpha.2',
26 silly addNameRange     '3.21.2',
26 silly addNameRange     '4.13.2',
26 silly addNameRange     '4.13.3',
26 silly addNameRange     '4.13.4' ] ]
27 verbose addNamed [ 'express', '4.13.4' ]
28 verbose addNamed [ '4.13.4', '4.13.4' ]
29 silly lockFile 23607823-express-4-13-4 express@4.13.4
30 verbose lock express@4.13.4 /home/vagrant/.npm/23607823-express-4-13-4.lock
31 silly lockFile 65e0249d-s-org-express-express-4-13-4-tgz https://registry.npmjs.org/express/-/express-4.13.4.tgz
32 verbose lock https://registry.npmjs.org/express/-/express-4.13.4.tgz /home/vagrant/.npm/65e0249d-s-org-express-express-4-13-4-tgz.lock
33 verbose addRemoteTarball [ 'https://registry.npmjs.org/express/-/express-4.13.4.tgz',
33 verbose addRemoteTarball   '3c0b76f3c77590c8345739061ec0bd3ba067ec24' ]
34 info retry fetch attempt 1 at 07:02:16
35 verbose fetch to= /home/vagrant/tmp/npm-9641-ua0Z7h8H/1461308536926-0.19664549035951495/tmp.tgz
36 http GET https://registry.npmjs.org/express/-/express-4.13.4.tgz
37 http 200 https://registry.npmjs.org/express/-/express-4.13.4.tgz
38 verbose tar unpack /home/vagrant/tmp/npm-9641-ua0Z7h8H/1461308536926-0.19664549035951495/tmp.tgz
39 silly lockFile f429cb01-6926-0-19664549035951495-package tar:///home/vagrant/tmp/npm-9641-ua0Z7h8H/1461308536926-0.19664549035951495/package
40 verbose lock tar:///home/vagrant/tmp/npm-9641-ua0Z7h8H/1461308536926-0.19664549035951495/package /home/vagrant/.npm/f429cb01-6926-0-19664549035951495-package.lock
41 silly lockFile 51fa91c2-6926-0-19664549035951495-tmp-tgz tar:///home/vagrant/tmp/npm-9641-ua0Z7h8H/1461308536926-0.19664549035951495/tmp.tgz
42 verbose lock tar:///home/vagrant/tmp/npm-9641-ua0Z7h8H/1461308536926-0.19664549035951495/tmp.tgz /home/vagrant/.npm/51fa91c2-6926-0-19664549035951495-tmp-tgz.lock
43 silly gunzTarPerm modes [ '755', '644' ]
44 silly gunzTarPerm extractEntry package.json
45 silly gunzTarPerm modified mode [ 'package.json', 438, 420 ]
46 silly gunzTarPerm extractEntry LICENSE
47 silly gunzTarPerm modified mode [ 'LICENSE', 438, 420 ]
48 silly gunzTarPerm extractEntry index.js
49 silly gunzTarPerm modified mode [ 'index.js', 438, 420 ]
50 silly gunzTarPerm extractEntry History.md
51 silly gunzTarPerm modified mode [ 'History.md', 438, 420 ]
52 silly gunzTarPerm extractEntry Readme.md
53 silly gunzTarPerm modified mode [ 'Readme.md', 438, 420 ]
54 silly gunzTarPerm extractEntry lib/application.js
55 silly gunzTarPerm modified mode [ 'lib/application.js', 438, 420 ]
56 silly gunzTarPerm extractEntry lib/express.js
57 silly gunzTarPerm modified mode [ 'lib/express.js', 438, 420 ]
58 silly gunzTarPerm extractEntry lib/request.js
59 silly gunzTarPerm modified mode [ 'lib/request.js', 438, 420 ]
60 silly gunzTarPerm extractEntry lib/response.js
61 silly gunzTarPerm modified mode [ 'lib/response.js', 438, 420 ]
62 silly gunzTarPerm extractEntry lib/utils.js
63 silly gunzTarPerm modified mode [ 'lib/utils.js', 438, 420 ]
64 silly gunzTarPerm extractEntry lib/view.js
65 silly gunzTarPerm modified mode [ 'lib/view.js', 438, 420 ]
66 silly gunzTarPerm extractEntry lib/middleware/init.js
67 silly gunzTarPerm modified mode [ 'lib/middleware/init.js', 438, 420 ]
68 silly gunzTarPerm extractEntry lib/middleware/query.js
69 silly gunzTarPerm modified mode [ 'lib/middleware/query.js', 438, 420 ]
70 silly gunzTarPerm extractEntry lib/router/index.js
71 silly gunzTarPerm modified mode [ 'lib/router/index.js', 438, 420 ]
72 silly gunzTarPerm extractEntry lib/router/layer.js
73 silly gunzTarPerm modified mode [ 'lib/router/layer.js', 438, 420 ]
74 silly gunzTarPerm extractEntry lib/router/route.js
75 silly gunzTarPerm modified mode [ 'lib/router/route.js', 438, 420 ]
76 silly lockFile f429cb01-6926-0-19664549035951495-package tar:///home/vagrant/tmp/npm-9641-ua0Z7h8H/1461308536926-0.19664549035951495/package
77 silly lockFile f429cb01-6926-0-19664549035951495-package tar:///home/vagrant/tmp/npm-9641-ua0Z7h8H/1461308536926-0.19664549035951495/package
78 silly lockFile 51fa91c2-6926-0-19664549035951495-tmp-tgz tar:///home/vagrant/tmp/npm-9641-ua0Z7h8H/1461308536926-0.19664549035951495/tmp.tgz
79 silly lockFile 51fa91c2-6926-0-19664549035951495-tmp-tgz tar:///home/vagrant/tmp/npm-9641-ua0Z7h8H/1461308536926-0.19664549035951495/tmp.tgz
80 verbose tar pack [ '/home/vagrant/.npm/express/4.13.4/package.tgz',
80 verbose tar pack   '/home/vagrant/tmp/npm-9641-ua0Z7h8H/1461308536926-0.19664549035951495/package' ]
81 verbose tarball /home/vagrant/.npm/express/4.13.4/package.tgz
82 verbose folder /home/vagrant/tmp/npm-9641-ua0Z7h8H/1461308536926-0.19664549035951495/package
83 silly lockFile f429cb01-6926-0-19664549035951495-package tar:///home/vagrant/tmp/npm-9641-ua0Z7h8H/1461308536926-0.19664549035951495/package
84 verbose lock tar:///home/vagrant/tmp/npm-9641-ua0Z7h8H/1461308536926-0.19664549035951495/package /home/vagrant/.npm/f429cb01-6926-0-19664549035951495-package.lock
85 silly lockFile 466dd464-t-npm-express-4-13-4-package-tgz tar:///home/vagrant/.npm/express/4.13.4/package.tgz
86 verbose lock tar:///home/vagrant/.npm/express/4.13.4/package.tgz /home/vagrant/.npm/466dd464-t-npm-express-4-13-4-package-tgz.lock
87 silly lockFile f429cb01-6926-0-19664549035951495-package tar:///home/vagrant/tmp/npm-9641-ua0Z7h8H/1461308536926-0.19664549035951495/package
88 silly lockFile f429cb01-6926-0-19664549035951495-package tar:///home/vagrant/tmp/npm-9641-ua0Z7h8H/1461308536926-0.19664549035951495/package
89 silly lockFile 466dd464-t-npm-express-4-13-4-package-tgz tar:///home/vagrant/.npm/express/4.13.4/package.tgz
90 silly lockFile 466dd464-t-npm-express-4-13-4-package-tgz tar:///home/vagrant/.npm/express/4.13.4/package.tgz
91 silly lockFile 8383ede9-grant-npm-express-4-13-4-package /home/vagrant/.npm/express/4.13.4/package
92 verbose lock /home/vagrant/.npm/express/4.13.4/package /home/vagrant/.npm/8383ede9-grant-npm-express-4-13-4-package.lock
93 silly lockFile 8383ede9-grant-npm-express-4-13-4-package /home/vagrant/.npm/express/4.13.4/package
94 silly lockFile 8383ede9-grant-npm-express-4-13-4-package /home/vagrant/.npm/express/4.13.4/package
95 verbose tar unpack /home/vagrant/.npm/express/4.13.4/package.tgz
96 silly lockFile 462492f1-grant-npm-express-4-13-4-package tar:///home/vagrant/.npm/express/4.13.4/package
97 verbose lock tar:///home/vagrant/.npm/express/4.13.4/package /home/vagrant/.npm/462492f1-grant-npm-express-4-13-4-package.lock
98 silly lockFile 466dd464-t-npm-express-4-13-4-package-tgz tar:///home/vagrant/.npm/express/4.13.4/package.tgz
99 verbose lock tar:///home/vagrant/.npm/express/4.13.4/package.tgz /home/vagrant/.npm/466dd464-t-npm-express-4-13-4-package-tgz.lock
100 silly gunzTarPerm modes [ '755', '644' ]
101 silly gunzTarPerm extractEntry package.json
102 silly gunzTarPerm extractEntry LICENSE
103 silly gunzTarPerm extractEntry index.js
104 silly gunzTarPerm extractEntry History.md
105 silly gunzTarPerm extractEntry Readme.md
106 silly gunzTarPerm extractEntry lib/application.js
107 silly gunzTarPerm extractEntry lib/express.js
108 silly gunzTarPerm extractEntry lib/request.js
109 silly gunzTarPerm extractEntry lib/response.js
110 silly gunzTarPerm extractEntry lib/utils.js
111 silly gunzTarPerm extractEntry lib/view.js
112 silly gunzTarPerm extractEntry lib/middleware/init.js
113 silly gunzTarPerm extractEntry lib/middleware/query.js
114 silly gunzTarPerm extractEntry lib/router/index.js
115 silly gunzTarPerm extractEntry lib/router/layer.js
116 silly gunzTarPerm extractEntry lib/router/route.js
117 silly lockFile 462492f1-grant-npm-express-4-13-4-package tar:///home/vagrant/.npm/express/4.13.4/package
118 silly lockFile 462492f1-grant-npm-express-4-13-4-package tar:///home/vagrant/.npm/express/4.13.4/package
119 silly lockFile 466dd464-t-npm-express-4-13-4-package-tgz tar:///home/vagrant/.npm/express/4.13.4/package.tgz
120 silly lockFile 466dd464-t-npm-express-4-13-4-package-tgz tar:///home/vagrant/.npm/express/4.13.4/package.tgz
121 verbose chmod /home/vagrant/.npm/express/4.13.4/package.tgz 644
122 verbose chown /home/vagrant/.npm/express/4.13.4/package.tgz [ 1000, 1000 ]
123 silly lockFile 65e0249d-s-org-express-express-4-13-4-tgz https://registry.npmjs.org/express/-/express-4.13.4.tgz
124 silly lockFile 65e0249d-s-org-express-express-4-13-4-tgz https://registry.npmjs.org/express/-/express-4.13.4.tgz
125 silly lockFile 23607823-express-4-13-4 express@4.13.4
126 silly lockFile 23607823-express-4-13-4 express@4.13.4
127 silly lockFile 4f9cf712-express-4-13-4 express@^4.13.4
128 silly lockFile 4f9cf712-express-4-13-4 express@^4.13.4
129 silly resolved [ { name: 'express',
129 silly resolved     description: 'Fast, unopinionated, minimalist web framework',
129 silly resolved     version: '4.13.4',
129 silly resolved     author: { name: 'TJ Holowaychuk', email: 'tj@vision-media.ca' },
129 silly resolved     contributors:
129 silly resolved      [ [Object],
129 silly resolved        [Object],
129 silly resolved        [Object],
129 silly resolved        [Object],
129 silly resolved        [Object],
129 silly resolved        [Object],
129 silly resolved        [Object] ],
129 silly resolved     license: 'MIT',
129 silly resolved     repository: { type: 'git', url: 'git://github.com/expressjs/express' },
129 silly resolved     keywords:
129 silly resolved      [ 'express',
129 silly resolved        'framework',
129 silly resolved        'sinatra',
129 silly resolved        'web',
129 silly resolved        'rest',
129 silly resolved        'restful',
129 silly resolved        'router',
129 silly resolved        'app',
129 silly resolved        'api' ],
129 silly resolved     dependencies:
129 silly resolved      { accepts: '~1.2.12',
129 silly resolved        'array-flatten': '1.1.1',
129 silly resolved        'content-disposition': '0.5.1',
129 silly resolved        'content-type': '~1.0.1',
129 silly resolved        cookie: '0.1.5',
129 silly resolved        'cookie-signature': '1.0.6',
129 silly resolved        debug: '~2.2.0',
129 silly resolved        depd: '~1.1.0',
129 silly resolved        'escape-html': '~1.0.3',
129 silly resolved        etag: '~1.7.0',
129 silly resolved        finalhandler: '0.4.1',
129 silly resolved        fresh: '0.3.0',
129 silly resolved        'merge-descriptors': '1.0.1',
129 silly resolved        methods: '~1.1.2',
129 silly resolved        'on-finished': '~2.3.0',
129 silly resolved        parseurl: '~1.3.1',
129 silly resolved        'path-to-regexp': '0.1.7',
129 silly resolved        'proxy-addr': '~1.0.10',
129 silly resolved        qs: '4.0.0',
129 silly resolved        'range-parser': '~1.0.3',
129 silly resolved        send: '0.13.1',
129 silly resolved        'serve-static': '~1.10.2',
129 silly resolved        'type-is': '~1.6.6',
129 silly resolved        'utils-merge': '1.0.0',
129 silly resolved        vary: '~1.0.1' },
129 silly resolved     devDependencies:
129 silly resolved      { after: '0.8.1',
129 silly resolved        ejs: '2.3.4',
129 silly resolved        istanbul: '0.4.2',
129 silly resolved        marked: '0.3.5',
129 silly resolved        mocha: '2.3.4',
129 silly resolved        should: '7.1.1',
129 silly resolved        supertest: '1.1.0',
129 silly resolved        'body-parser': '~1.14.2',
129 silly resolved        'connect-redis': '~2.4.1',
129 silly resolved        'cookie-parser': '~1.4.1',
129 silly resolved        'cookie-session': '~1.2.0',
129 silly resolved        'express-session': '~1.13.0',
129 silly resolved        jade: '~1.11.0',
129 silly resolved        'method-override': '~2.3.5',
129 silly resolved        morgan: '~1.6.1',
129 silly resolved        multiparty: '~4.1.2',
129 silly resolved        vhost: '~3.0.1' },
129 silly resolved     engines: { node: '>= 0.10.0' },
129 silly resolved     files: [ 'LICENSE', 'History.md', 'Readme.md', 'index.js', 'lib/' ],
129 silly resolved     scripts:
129 silly resolved      { test: 'mocha --require test/support/env --reporter spec --bail --check-leaks test/ test/acceptance/',
129 silly resolved        'test-ci': 'istanbul cover node_modules/mocha/bin/_mocha --report lcovonly -- --require test/support/env --reporter spec --check-leaks test/ test/acceptance/',
129 silly resolved        'test-cov': 'istanbul cover node_modules/mocha/bin/_mocha -- --require test/support/env --reporter dot --check-leaks test/ test/acceptance/',
129 silly resolved        'test-tap': 'mocha --require test/support/env --reporter tap --check-leaks test/ test/acceptance/' },
129 silly resolved     readme: '[![Express Logo](https://i.cloudup.com/zfY6lL7eFa-3000x3000.png)](http://expressjs.com/)\n\n  Fast, unopinionated, minimalist web framework for [node](http://nodejs.org).\n\n  [![NPM Version][npm-image]][npm-url]\n  [![NPM Downloads][downloads-image]][downloads-url]\n  [![Linux Build][travis-image]][travis-url]\n  [![Windows Build][appveyor-image]][appveyor-url]\n  [![Test Coverage][coveralls-image]][coveralls-url]\n\n```js\nvar express = require(\'express\')\nvar app = express()\n\napp.get(\'/\', function (req, res) {\n  res.send(\'Hello World\')\n})\n\napp.listen(3000)\n```\n\n## Installation\n\n```bash\n$ npm install express\n```\n\n## Features\n\n  * Robust routing\n  * Focus on high performance\n  * Super-high test coverage\n  * HTTP helpers (redirection, caching, etc)\n  * View system supporting 14+ template engines\n  * Content negotiation\n  * Executable for generating applications quickly\n\n## Docs & Community\n\n  * [#express](https://webchat.freenode.net/?channels=express) on freenode IRC\n  * [Github Organization](https://github.com/expressjs) for Official Middleware & Modules\n  * [Google Group](https://groups.google.com/group/express-js) for discussion\n  * [Gitter](https://gitter.im/expressjs/express) for support and discussion\n  * [Русскоязычная документация](http://jsman.ru/express/)\n\n###Security Issues\n\nIf you discover a security vulnerability in Express, please see [Security Policies and Procedures](Security.md).\n\n## Quick Start\n\n  The quickest way to get started with express is to utilize the executable [`express(1)`](https://github.com/expressjs/generator) to generate an application as shown below:\n\n  Install the executable. The executable\'s major version will match Express\'s:\n\n```bash\n$ npm install -g express-generator@4\n```\n\n  Create the app:\n\n```bash\n$ express /tmp/foo && cd /tmp/foo\n```\n\n  Install dependencies:\n\n```bash\n$ npm install\n```\n\n  Start the server:\n\n```bash\n$ npm start\n```\n\n## Philosophy\n\n  The Express philosophy is to provide small, robust tooling for HTTP servers, making\n  it a great solution for single page applications, web sites, hybrids, or public\n  HTTP APIs.\n\n  Express does not force you to use any specific ORM or template engine. With support for over\n  14 template engines via [Consolidate.js](https://github.com/tj/consolidate.js),\n  you can quickly craft your perfect framework.\n\n## Examples\n\n  To view the examples, clone the Express repo and install the dependencies:\n\n```bash\n$ git clone git://github.com/expressjs/express.git --depth 1\n$ cd express\n$ npm install\n```\n\n  Then run whichever example you want:\n\n```bash\n$ node examples/content-negotiation\n```\n\n## Tests\n\n  To run the test suite, first install the dependencies, then run `npm test`:\n\n```bash\n$ npm install\n$ npm test\n```\n\n## People\n\nThe original author of Express is [TJ Holowaychuk](https://github.com/tj) [![TJ\'s Gratipay][gratipay-image-visionmedia]][gratipay-url-visionmedia]\n\nThe current lead maintainer is [Douglas Christopher Wilson](https://github.com/dougwilson) [![Doug\'s Gratipay][gratipay-image-dougwilson]][gratipay-url-dougwilson]\n\n[List of all contributors](https://github.com/expressjs/express/graphs/contributors)\n\n## License\n\n  [MIT](LICENSE)\n\n[npm-image]: https://img.shields.io/npm/v/express.svg\n[npm-url]: https://npmjs.org/package/express\n[downloads-image]: https://img.shields.io/npm/dm/express.svg\n[downloads-url]: https://npmjs.org/package/express\n[travis-image]: https://img.shields.io/travis/expressjs/express/master.svg?label=linux\n[travis-url]: https://travis-ci.org/expressjs/express\n[appveyor-image]: https://img.shields.io/appveyor/ci/dougwilson/express/master.svg?label=windows\n[appveyor-url]: https://ci.appveyor.com/project/dougwilson/express\n[coveralls-image]: https://img.shields.io/coveralls/expressjs/express/master.svg\n[coveralls-url]: https://coveralls.io/r/expressjs/express?branch=master\n[gratipay-image-visionmedia]: https://img.shields.io/gratipay/visionmedia.svg\n[gratipay-url-visionmedia]: https://gratipay.com/visionmedia/\n[gratipay-image-dougwilson]: https://img.shields.io/gratipay/dougwilson.svg\n[gratipay-url-dougwilson]: https://gratipay.com/dougwilson/\n',
129 silly resolved     readmeFilename: 'Readme.md',
129 silly resolved     bugs: { url: 'https://github.com/expressjs/express/issues' },
129 silly resolved     _id: 'express@4.13.4',
129 silly resolved     dist: { shasum: '98894dcde9699b07cd7ac0b30510ab13a729ff13' },
129 silly resolved     _from: 'express@^4.13.4',
129 silly resolved     _resolved: 'https://registry.npmjs.org/express/-/express-4.13.4.tgz' } ]
130 info install express@4.13.4 into /vagrant/11_Project4
131 info installOne express@4.13.4
132 info /vagrant/11_Project4/node_modules/express unbuild
133 info preuninstall express@4.13.4
134 info uninstall express@4.13.4
135 verbose true,/vagrant/11_Project4/node_modules,/vagrant/11_Project4/node_modules unbuild express@4.13.4
136 info postuninstall express@4.13.4
137 info /vagrant/11_Project4/node_modules/express unbuild
138 info preuninstall express@4.13.4
139 info uninstall express@4.13.4
140 verbose true,/vagrant/11_Project4/node_modules,/vagrant/11_Project4/node_modules unbuild express@4.13.4
141 info postuninstall express@4.13.4
142 error error rolling back Error: EPERM, rmdir '/vagrant/11_Project4/node_modules/express'
142 error error rolling back  express@4.13.4 { [Error: EPERM, rmdir '/vagrant/11_Project4/node_modules/express']
142 error error rolling back   errno: 50,
142 error error rolling back   code: 'EPERM',
142 error error rolling back   path: '/vagrant/11_Project4/node_modules/express' }
143 error Error: EPERM, unlink '/vagrant/11_Project4/node_modules/express/LICENSE'
143 error  { [Error: EPERM, unlink '/vagrant/11_Project4/node_modules/express/LICENSE']
143 error   errno: 50,
143 error   code: 'EPERM',
143 error   path: '/vagrant/11_Project4/node_modules/express/LICENSE' }
144 error Please try running this command again as root/Administrator.
145 error System Linux 3.13.0-24-generic
146 error command "/usr/bin/nodejs" "/usr/bin/npm" "install" "express"
147 error cwd /vagrant/11_Project4
148 error node -v v0.10.25
149 error npm -v 1.3.10
150 error path /vagrant/11_Project4/node_modules/express/LICENSE
151 error code EPERM
152 error errno 50
153 error stack Error: EPERM, unlink '/vagrant/11_Project4/node_modules/express/LICENSE'
154 verbose exit [ 50, true ]
